2025-11-27 15:35:48.845 [main] INFO  io.github.bonigarcia.wdm.WebDriverManager - Using chromedriver 142.0.7444.175 (resolved driver for Chrome 142)
2025-11-27 15:35:48.867 [main] INFO  io.github.bonigarcia.wdm.WebDriverManager - Exporting webdriver.chrome.driver as /Users/burak.tahmaz/.cache/selenium/chromedriver/mac-arm64/142.0.7444.175/chromedriver
2025-11-27 15:35:50.611 [main] WARN  org.openqa.selenium.devtools.CdpVersionFinder - Unable to find CDP implementation matching 142
2025-11-27 15:35:50.611 [main] WARN  org.openqa.selenium.chromium.ChromiumDriver - Unable to find version of CDP to use for 142.0.7444.176. You may need to include a dependency on a specific version of the CDP using something similar to `org.seleniumhq.selenium:selenium-devtools-v86:4.37.0` where the version ("v86") matches the version of the chromium-based browser you're using and the version number of the artifact is the same as Selenium's.
2025-11-27 15:41:37.630 [main] INFO  io.github.bonigarcia.wdm.WebDriverManager - Using chromedriver 142.0.7444.175 (resolved driver for Chrome 142)
2025-11-27 15:41:37.644 [main] INFO  io.github.bonigarcia.wdm.WebDriverManager - Exporting webdriver.chrome.driver as /Users/burak.tahmaz/.cache/selenium/chromedriver/mac-arm64/142.0.7444.175/chromedriver
2025-11-27 15:41:38.871 [main] WARN  org.openqa.selenium.devtools.CdpVersionFinder - Unable to find CDP implementation matching 142
2025-11-27 15:41:38.871 [main] WARN  org.openqa.selenium.chromium.ChromiumDriver - Unable to find version of CDP to use for 142.0.7444.176. You may need to include a dependency on a specific version of the CDP using something similar to `org.seleniumhq.selenium:selenium-devtools-v86:4.37.0` where the version ("v86") matches the version of the chromium-based browser you're using and the version number of the artifact is the same as Selenium's.
2025-11-27 15:43:07.061 [main] INFO  io.github.bonigarcia.wdm.WebDriverManager - Using chromedriver 142.0.7444.175 (resolved driver for Chrome 142)
2025-11-27 15:43:07.074 [main] INFO  io.github.bonigarcia.wdm.WebDriverManager - Exporting webdriver.chrome.driver as /Users/burak.tahmaz/.cache/selenium/chromedriver/mac-arm64/142.0.7444.175/chromedriver
2025-11-27 15:43:08.237 [main] WARN  org.openqa.selenium.devtools.CdpVersionFinder - Unable to find CDP implementation matching 142
2025-11-27 15:43:08.237 [main] WARN  org.openqa.selenium.chromium.ChromiumDriver - Unable to find version of CDP to use for 142.0.7444.176. You may need to include a dependency on a specific version of the CDP using something similar to `org.seleniumhq.selenium:selenium-devtools-v86:4.37.0` where the version ("v86") matches the version of the chromium-based browser you're using and the version number of the artifact is the same as Selenium's.
2025-11-27 15:44:09.466 [Test worker] INFO  io.github.bonigarcia.wdm.WebDriverManager - Using chromedriver 142.0.7444.175 (resolved driver for Chrome 142)
2025-11-27 15:44:09.477 [Test worker] INFO  io.github.bonigarcia.wdm.WebDriverManager - Exporting webdriver.chrome.driver as /Users/burak.tahmaz/.cache/selenium/chromedriver/mac-arm64/142.0.7444.175/chromedriver
2025-11-27 15:44:10.529 [Test worker] WARN  org.openqa.selenium.devtools.CdpVersionFinder - Unable to find CDP implementation matching 142
2025-11-27 15:44:10.530 [Test worker] WARN  org.openqa.selenium.chromium.ChromiumDriver - Unable to find version of CDP to use for 142.0.7444.176. You may need to include a dependency on a specific version of the CDP using something similar to `org.seleniumhq.selenium:selenium-devtools-v86:4.37.0` where the version ("v86") matches the version of the chromium-based browser you're using and the version number of the artifact is the same as Selenium's.
2025-11-27 15:44:35.049 [Test worker] INFO  io.github.bonigarcia.wdm.WebDriverManager - Using chromedriver 142.0.7444.175 (resolved driver for Chrome 142)
2025-11-27 15:44:35.063 [Test worker] INFO  io.github.bonigarcia.wdm.WebDriverManager - Exporting webdriver.chrome.driver as /Users/burak.tahmaz/.cache/selenium/chromedriver/mac-arm64/142.0.7444.175/chromedriver
2025-11-27 15:44:36.096 [Test worker] WARN  org.openqa.selenium.devtools.CdpVersionFinder - Unable to find CDP implementation matching 142
2025-11-27 15:44:36.097 [Test worker] WARN  org.openqa.selenium.chromium.ChromiumDriver - Unable to find version of CDP to use for 142.0.7444.176. You may need to include a dependency on a specific version of the CDP using something similar to `org.seleniumhq.selenium:selenium-devtools-v86:4.37.0` where the version ("v86") matches the version of the chromium-based browser you're using and the version number of the artifact is the same as Selenium's.
2025-11-27 15:45:33.000 [Test worker] INFO  io.github.bonigarcia.wdm.WebDriverManager - Using chromedriver 142.0.7444.175 (resolved driver for Chrome 142)
2025-11-27 15:45:33.012 [Test worker] INFO  io.github.bonigarcia.wdm.WebDriverManager - Exporting webdriver.chrome.driver as /Users/burak.tahmaz/.cache/selenium/chromedriver/mac-arm64/142.0.7444.175/chromedriver
2025-11-27 15:45:34.262 [Test worker] WARN  org.openqa.selenium.devtools.CdpVersionFinder - Unable to find CDP implementation matching 142
2025-11-27 15:45:34.263 [Test worker] WARN  org.openqa.selenium.chromium.ChromiumDriver - Unable to find version of CDP to use for 142.0.7444.176. You may need to include a dependency on a specific version of the CDP using something similar to `org.seleniumhq.selenium:selenium-devtools-v86:4.37.0` where the version ("v86") matches the version of the chromium-based browser you're using and the version number of the artifact is the same as Selenium's.
2025-11-27 15:53:28.587 [Test worker] INFO  io.github.bonigarcia.wdm.WebDriverManager - Using chromedriver 142.0.7444.175 (resolved driver for Chrome 142)
2025-11-27 15:53:28.597 [Test worker] INFO  io.github.bonigarcia.wdm.WebDriverManager - Exporting webdriver.chrome.driver as /Users/burak.tahmaz/.cache/selenium/chromedriver/mac-arm64/142.0.7444.175/chromedriver
2025-11-27 15:53:29.859 [Test worker] WARN  org.openqa.selenium.devtools.CdpVersionFinder - Unable to find CDP implementation matching 142
2025-11-27 15:53:29.860 [Test worker] WARN  org.openqa.selenium.chromium.ChromiumDriver - Unable to find version of CDP to use for 142.0.7444.176. You may need to include a dependency on a specific version of the CDP using something similar to `org.seleniumhq.selenium:selenium-devtools-v86:4.37.0` where the version ("v86") matches the version of the chromium-based browser you're using and the version number of the artifact is the same as Selenium's.
2025-11-27 15:58:55.230 [Test worker] INFO  io.github.bonigarcia.wdm.WebDriverManager - Using chromedriver 142.0.7444.175 (resolved driver for Chrome 142)
2025-11-27 15:58:55.242 [Test worker] INFO  io.github.bonigarcia.wdm.WebDriverManager - Exporting webdriver.chrome.driver as /Users/burak.tahmaz/.cache/selenium/chromedriver/mac-arm64/142.0.7444.175/chromedriver
2025-11-27 15:58:59.862 [Test worker] WARN  org.openqa.selenium.devtools.CdpVersionFinder - Unable to find CDP implementation matching 142
2025-11-27 15:58:59.862 [Test worker] WARN  org.openqa.selenium.chromium.ChromiumDriver - Unable to find version of CDP to use for 142.0.7444.176. You may need to include a dependency on a specific version of the CDP using something similar to `org.seleniumhq.selenium:selenium-devtools-v86:4.37.0` where the version ("v86") matches the version of the chromium-based browser you're using and the version number of the artifact is the same as Selenium's.
2025-11-27 15:59:30.958 [Test worker] INFO  io.github.bonigarcia.wdm.WebDriverManager - Using chromedriver 142.0.7444.175 (resolved driver for Chrome 142)
2025-11-27 15:59:30.968 [Test worker] INFO  io.github.bonigarcia.wdm.WebDriverManager - Exporting webdriver.chrome.driver as /Users/burak.tahmaz/.cache/selenium/chromedriver/mac-arm64/142.0.7444.175/chromedriver
2025-11-27 15:59:31.971 [Test worker] WARN  org.openqa.selenium.devtools.CdpVersionFinder - Unable to find CDP implementation matching 142
2025-11-27 15:59:31.971 [Test worker] WARN  org.openqa.selenium.chromium.ChromiumDriver - Unable to find version of CDP to use for 142.0.7444.176. You may need to include a dependency on a specific version of the CDP using something similar to `org.seleniumhq.selenium:selenium-devtools-v86:4.37.0` where the version ("v86") matches the version of the chromium-based browser you're using and the version number of the artifact is the same as Selenium's.
2025-11-27 16:09:44.297 [Test worker] INFO  io.github.bonigarcia.wdm.WebDriverManager - Using chromedriver 142.0.7444.175 (resolved driver for Chrome 142)
2025-11-27 16:09:44.309 [Test worker] INFO  io.github.bonigarcia.wdm.WebDriverManager - Exporting webdriver.chrome.driver as /Users/burak.tahmaz/.cache/selenium/chromedriver/mac-arm64/142.0.7444.175/chromedriver
2025-11-27 16:09:46.332 [Test worker] WARN  org.openqa.selenium.devtools.CdpVersionFinder - Unable to find CDP implementation matching 142
2025-11-27 16:09:46.333 [Test worker] WARN  org.openqa.selenium.chromium.ChromiumDriver - Unable to find version of CDP to use for 142.0.7444.176. You may need to include a dependency on a specific version of the CDP using something similar to `org.seleniumhq.selenium:selenium-devtools-v86:4.37.0` where the version ("v86") matches the version of the chromium-based browser you're using and the version number of the artifact is the same as Selenium's.
2025-11-27 16:10:05.299 [Test worker] INFO  io.github.bonigarcia.wdm.WebDriverManager - Using chromedriver 142.0.7444.175 (resolved driver for Chrome 142)
2025-11-27 16:10:05.311 [Test worker] INFO  io.github.bonigarcia.wdm.WebDriverManager - Exporting webdriver.chrome.driver as /Users/burak.tahmaz/.cache/selenium/chromedriver/mac-arm64/142.0.7444.175/chromedriver
2025-11-27 16:10:06.214 [Test worker] WARN  org.openqa.selenium.devtools.CdpVersionFinder - Unable to find CDP implementation matching 142
2025-11-27 16:10:06.214 [Test worker] WARN  org.openqa.selenium.chromium.ChromiumDriver - Unable to find version of CDP to use for 142.0.7444.176. You may need to include a dependency on a specific version of the CDP using something similar to `org.seleniumhq.selenium:selenium-devtools-v86:4.37.0` where the version ("v86") matches the version of the chromium-based browser you're using and the version number of the artifact is the same as Selenium's.
2025-11-27 16:10:24.722 [Test worker] INFO  io.github.bonigarcia.wdm.WebDriverManager - Using chromedriver 142.0.7444.175 (resolved driver for Chrome 142)
2025-11-27 16:10:24.731 [Test worker] INFO  io.github.bonigarcia.wdm.WebDriverManager - Exporting webdriver.chrome.driver as /Users/burak.tahmaz/.cache/selenium/chromedriver/mac-arm64/142.0.7444.175/chromedriver
2025-11-27 16:10:25.607 [Test worker] WARN  org.openqa.selenium.devtools.CdpVersionFinder - Unable to find CDP implementation matching 142
2025-11-27 16:10:25.608 [Test worker] WARN  org.openqa.selenium.chromium.ChromiumDriver - Unable to find version of CDP to use for 142.0.7444.176. You may need to include a dependency on a specific version of the CDP using something similar to `org.seleniumhq.selenium:selenium-devtools-v86:4.37.0` where the version ("v86") matches the version of the chromium-based browser you're using and the version number of the artifact is the same as Selenium's.
2025-11-27 16:11:19.827 [Test worker] INFO  io.github.bonigarcia.wdm.WebDriverManager - Using chromedriver 142.0.7444.175 (resolved driver for Chrome 142)
2025-11-27 16:11:19.838 [Test worker] INFO  io.github.bonigarcia.wdm.WebDriverManager - Exporting webdriver.chrome.driver as /Users/burak.tahmaz/.cache/selenium/chromedriver/mac-arm64/142.0.7444.175/chromedriver
2025-11-27 16:11:21.083 [Test worker] WARN  org.openqa.selenium.devtools.CdpVersionFinder - Unable to find CDP implementation matching 142
2025-11-27 16:11:21.084 [Test worker] WARN  org.openqa.selenium.chromium.ChromiumDriver - Unable to find version of CDP to use for 142.0.7444.176. You may need to include a dependency on a specific version of the CDP using something similar to `org.seleniumhq.selenium:selenium-devtools-v86:4.37.0` where the version ("v86") matches the version of the chromium-based browser you're using and the version number of the artifact is the same as Selenium's.
2025-11-27 16:14:45.500 [Test worker] INFO  io.github.bonigarcia.wdm.WebDriverManager - Using chromedriver 142.0.7444.175 (resolved driver for Chrome 142)
2025-11-27 16:14:45.510 [Test worker] INFO  io.github.bonigarcia.wdm.WebDriverManager - Exporting webdriver.chrome.driver as /Users/burak.tahmaz/.cache/selenium/chromedriver/mac-arm64/142.0.7444.175/chromedriver
2025-11-27 16:14:46.746 [Test worker] WARN  org.openqa.selenium.devtools.CdpVersionFinder - Unable to find CDP implementation matching 142
2025-11-27 16:14:46.746 [Test worker] WARN  org.openqa.selenium.chromium.ChromiumDriver - Unable to find version of CDP to use for 142.0.7444.176. You may need to include a dependency on a specific version of the CDP using something similar to `org.seleniumhq.selenium:selenium-devtools-v86:4.37.0` where the version ("v86") matches the version of the chromium-based browser you're using and the version number of the artifact is the same as Selenium's.
2025-11-27 16:17:19.539 [Test worker] INFO  io.github.bonigarcia.wdm.WebDriverManager - Using chromedriver 142.0.7444.175 (resolved driver for Chrome 142)
2025-11-27 16:17:19.551 [Test worker] INFO  io.github.bonigarcia.wdm.WebDriverManager - Exporting webdriver.chrome.driver as /Users/burak.tahmaz/.cache/selenium/chromedriver/mac-arm64/142.0.7444.175/chromedriver
2025-11-27 16:17:20.631 [Test worker] WARN  org.openqa.selenium.devtools.CdpVersionFinder - Unable to find CDP implementation matching 142
2025-11-27 16:17:20.632 [Test worker] WARN  org.openqa.selenium.chromium.ChromiumDriver - Unable to find version of CDP to use for 142.0.7444.176. You may need to include a dependency on a specific version of the CDP using something similar to `org.seleniumhq.selenium:selenium-devtools-v86:4.37.0` where the version ("v86") matches the version of the chromium-based browser you're using and the version number of the artifact is the same as Selenium's.
2025-11-27 16:18:41.223 [Test worker] INFO  io.github.bonigarcia.wdm.WebDriverManager - Using chromedriver 142.0.7444.175 (resolved driver for Chrome 142)
2025-11-27 16:18:41.233 [Test worker] INFO  io.github.bonigarcia.wdm.WebDriverManager - Exporting webdriver.chrome.driver as /Users/burak.tahmaz/.cache/selenium/chromedriver/mac-arm64/142.0.7444.175/chromedriver
2025-11-27 16:18:42.455 [Test worker] WARN  org.openqa.selenium.devtools.CdpVersionFinder - Unable to find CDP implementation matching 142
2025-11-27 16:18:42.455 [Test worker] WARN  org.openqa.selenium.chromium.ChromiumDriver - Unable to find version of CDP to use for 142.0.7444.176. You may need to include a dependency on a specific version of the CDP using something similar to `org.seleniumhq.selenium:selenium-devtools-v86:4.37.0` where the version ("v86") matches the version of the chromium-based browser you're using and the version number of the artifact is the same as Selenium's.
2025-11-27 16:19:37.947 [Test worker] INFO  io.github.bonigarcia.wdm.WebDriverManager - Using chromedriver 142.0.7444.175 (resolved driver for Chrome 142)
2025-11-27 16:19:37.955 [Test worker] INFO  io.github.bonigarcia.wdm.WebDriverManager - Exporting webdriver.chrome.driver as /Users/burak.tahmaz/.cache/selenium/chromedriver/mac-arm64/142.0.7444.175/chromedriver
2025-11-27 16:19:39.152 [Test worker] WARN  org.openqa.selenium.devtools.CdpVersionFinder - Unable to find CDP implementation matching 142
2025-11-27 16:19:39.153 [Test worker] WARN  org.openqa.selenium.chromium.ChromiumDriver - Unable to find version of CDP to use for 142.0.7444.176. You may need to include a dependency on a specific version of the CDP using something similar to `org.seleniumhq.selenium:selenium-devtools-v86:4.37.0` where the version ("v86") matches the version of the chromium-based browser you're using and the version number of the artifact is the same as Selenium's.
2025-11-27 16:19:53.400 [Test worker] INFO  io.github.bonigarcia.wdm.WebDriverManager - Using chromedriver 142.0.7444.175 (resolved driver for Chrome 142)
2025-11-27 16:19:53.410 [Test worker] INFO  io.github.bonigarcia.wdm.WebDriverManager - Exporting webdriver.chrome.driver as /Users/burak.tahmaz/.cache/selenium/chromedriver/mac-arm64/142.0.7444.175/chromedriver
2025-11-27 16:19:54.462 [Test worker] WARN  org.openqa.selenium.devtools.CdpVersionFinder - Unable to find CDP implementation matching 142
2025-11-27 16:19:54.462 [Test worker] WARN  org.openqa.selenium.chromium.ChromiumDriver - Unable to find version of CDP to use for 142.0.7444.176. You may need to include a dependency on a specific version of the CDP using something similar to `org.seleniumhq.selenium:selenium-devtools-v86:4.37.0` where the version ("v86") matches the version of the chromium-based browser you're using and the version number of the artifact is the same as Selenium's.
